<?xml version="1.0" encoding="UTF-8"?>
<testng-results skipped="0" failed="0" total="1" passed="1">
  <reporter-output>
  </reporter-output>
  <suite name="Suite" duration-ms="26561" started-at="2022-09-20T11:05:37Z" finished-at="2022-09-20T11:06:04Z">
    <groups>
    </groups>
    <test name="Test" duration-ms="26561" started-at="2022-09-20T11:05:37Z" finished-at="2022-09-20T11:06:04Z">
      <class name="org.sdet40.practice.MavenPracticeTest">
        <test-method status="PASS" signature="step1()[pri:0, instance:org.sdet40.practice.MavenPracticeTest@5ccddd20]" name="step1" duration-ms="26542" started-at="2022-09-20T16:35:37Z" finished-at="2022-09-20T16:36:04Z">
          <reporter-output>
          </reporter-output>
        </test-method> <!-- step1 -->
      </class> <!-- org.sdet40.practice.MavenPracticeTest -->
    </test> <!-- Test -->
  </suite> <!-- Suite -->
</testng-results>
